INFO: [VRFC 10-2263] Analyzing SystemVerilog file "/home/mankaic/Desktop/project_1/project_1.srcs/sources_1/new/background.sv" into library xil_defaultlib
INFO: [VRFC 10-311] analyzing module background
INFO: [VRFC 10-2458] undeclared symbol bram_road_data7_90, assumed default net type wire [/home/mankaic/Desktop/project_1/project_1.srcs/sources_1/new/background.sv:107]
INFO: [VRFC 10-2458] undeclared symbol bram_road_data7_180, assumed default net type wire [/home/mankaic/Desktop/project_1/project_1.srcs/sources_1/new/background.sv:108]
INFO: [VRFC 10-2458] undeclared symbol bram_road_data7_270, assumed default net type wire [/home/mankaic/Desktop/project_1/project_1.srcs/sources_1/new/background.sv:109]
INFO: [VRFC 10-2263] Analyzing SystemVerilog file "/home/mankaic/Desktop/project_1/project_1.srcs/sources_1/new/moving_car.sv" into library xil_defaultlib
INFO: [VRFC 10-311] analyzing module moving_car
INFO: [VRFC 10-2263] Analyzing SystemVerilog file "/home/mankaic/Desktop/project_1/project_1.srcs/sources_1/new/vga_out.sv" into library xil_defaultlib
INFO: [VRFC 10-311] analyzing module vga_out
INFO: [VRFC 10-2263] Analyzing SystemVerilog file "/home/mankaic/Desktop/project_1/project_1.srcs/sources_1/new/game_top.sv" into library xil_defaultlib
INFO: [VRFC 10-311] analyzing module game_top
INFO: [VRFC 10-2263] Analyzing SystemVerilog file "/home/mankaic/Desktop/project_1/project_1.srcs/sources_1/imports/mankaic/image_rom_reader.sv" into library xil_defaultlib
INFO: [VRFC 10-311] analyzing module image_rom_reader
INFO: [VRFC 10-2263] Analyzing SystemVerilog file "/home/mankaic/Desktop/project_1/project_1.srcs/sources_1/imports/mankaic/drawcon.sv" into library xil_defaultlib
INFO: [VRFC 10-311] analyzing module drawcon
INFO: [VRFC 10-2263] Analyzing SystemVerilog file "/home/mankaic/Desktop/project_1/project_1.srcs/sources_1/new/collision_mask.sv" into library xil_defaultlib
INFO: [VRFC 10-311] analyzing module collision_mask
INFO: [VRFC 10-2263] Analyzing SystemVerilog file "/home/mankaic/Desktop/project_1/project_1.srcs/sources_1/new/tile_mask.sv" into library xil_defaultlib
INFO: [VRFC 10-311] analyzing module tile_mask
INFO: [VRFC 10-2263] Analyzing SystemVerilog file "/home/mankaic/Desktop/project_1/project_1.srcs/sim_1/new/tb_background.sv" into library xil_defaultlib
INFO: [VRFC 10-311] analyzing module tb_background
INFO: [VRFC 10-2263] Analyzing SystemVerilog file "/home/mankaic/Desktop/project_1/project_1.srcs/sim_1/new/tb_game_top.sv" into library xil_defaultlib
INFO: [VRFC 10-311] analyzing module tb_game_top
INFO: [VRFC 10-2263] Analyzing SystemVerilog file "/home/mankaic/Desktop/project_1/project_1.srcs/sim_1/imports/mankaic/tb_img_rom_reader.sv" into library xil_defaultlib
INFO: [VRFC 10-311] analyzing module tb_image_rom_reader
INFO: [VRFC 10-2263] Analyzing SystemVerilog file "/home/mankaic/Desktop/project_1/project_1.srcs/sim_1/new/test_signals.sv" into library xil_defaultlib
INFO: [VRFC 10-311] analyzing module test_signals
INFO: [VRFC 10-2263] Analyzing SystemVerilog file "/home/mankaic/Desktop/project_1/project_1.srcs/sim_1/new/tb_moving_car.sv" into library xil_defaultlib
INFO: [VRFC 10-311] analyzing module tb_moving_car
INFO: [VRFC 10-2263] Analyzing SystemVerilog file "/home/mankaic/Desktop/project_1/project_1.srcs/sim_1/new/tb_collision_mask.sv" into library xil_defaultlib
INFO: [VRFC 10-311] analyzing module tb_collision_mask
